<?xml version="1.0" encoding="UTF-8"?>
<robot generator="Robot 7.4.2 (Python 3.13.0 on win32)" generated="2026-03-22T18:33:35.779018" rpa="false" schemaversion="5">
<suite id="s1" name="Test Swag Labs" source="C:\Users\iftak\Downloads\robot-testing-project\tests\test_swag_labs.robot">
<test id="s1-t1" name="Complete Swag Labs Flow" line="9">
<kw name="Open Browser" owner="SeleniumLibrary">
<msg time="2026-03-22T18:33:36.560583" level="INFO">Opening browser 'Chrome' to base url 'http://127.0.0.1:5500/docs/swag_labs.html'.</msg>
<arg>${URL}</arg>
<arg>${BROWSER}</arg>
<doc>Opens a new browser instance to the optional ``url``.</doc>
<status status="PASS" start="2026-03-22T18:33:36.559824" elapsed="1.859623"/>
</kw>
<kw name="Maximize Browser Window" owner="SeleniumLibrary">
<doc>Maximizes current browser window.</doc>
<status status="PASS" start="2026-03-22T18:33:38.421404" elapsed="0.063142"/>
</kw>
<kw name="Input Text" owner="SeleniumLibrary">
<msg time="2026-03-22T18:33:38.488178" level="INFO">Typing text 'standard_user' into text field 'id=username'.</msg>
<arg>id=username</arg>
<arg>standard_user</arg>
<doc>Types the given ``text`` into the text field identified by ``locator``.</doc>
<status status="PASS" start="2026-03-22T18:33:38.486600" elapsed="0.349928"/>
</kw>
<kw name="Input Text" owner="SeleniumLibrary">
<msg time="2026-03-22T18:33:38.839975" level="INFO">Typing text 'secret_sauce' into text field 'id=password'.</msg>
<arg>id=password</arg>
<arg>secret_sauce</arg>
<doc>Types the given ``text`` into the text field identified by ``locator``.</doc>
<status status="PASS" start="2026-03-22T18:33:38.838969" elapsed="0.229641"/>
</kw>
<kw name="Click Button" owner="SeleniumLibrary">
<msg time="2026-03-22T18:33:39.070356" level="INFO">Clicking button 'id=login-button'.</msg>
<arg>id=login-button</arg>
<doc>Clicks the button identified by ``locator``.</doc>
<status status="PASS" start="2026-03-22T18:33:39.069511" elapsed="0.187978"/>
</kw>
<kw name="Wait Until Element Is Visible" owner="SeleniumLibrary">
<arg>id=product-page</arg>
<arg>5s</arg>
<doc>Waits until the element ``locator`` is visible.</doc>
<status status="PASS" start="2026-03-22T18:33:39.258491" elapsed="1.136316"/>
</kw>
<kw name="Click Button" owner="SeleniumLibrary">
<msg time="2026-03-22T18:33:40.396231" level="INFO">Clicking button 'xpath=(//button[contains(text(),'Add to Cart')])[1]'.</msg>
<arg>xpath=(//button[contains(text(),'Add to Cart')])[1]</arg>
<doc>Clicks the button identified by ``locator``.</doc>
<status status="PASS" start="2026-03-22T18:33:40.395664" elapsed="0.206801"/>
</kw>
<kw name="Click Button" owner="SeleniumLibrary">
<msg time="2026-03-22T18:33:40.603758" level="INFO">Clicking button 'xpath=(//button[contains(text(),'Add to Cart')])[2]'.</msg>
<arg>xpath=(//button[contains(text(),'Add to Cart')])[2]</arg>
<doc>Clicks the button identified by ``locator``.</doc>
<status status="PASS" start="2026-03-22T18:33:40.603213" elapsed="0.203664"/>
</kw>
<kw name="Click Element" owner="SeleniumLibrary">
<msg time="2026-03-22T18:33:40.808296" level="INFO">Clicking element 'xpath=//div[contains(@class,'cart-icon')]'.</msg>
<arg>xpath=//div[contains(@class,'cart-icon')]</arg>
<doc>Click the element identified by ``locator``.</doc>
<status status="PASS" start="2026-03-22T18:33:40.807739" elapsed="0.231818"/>
</kw>
<kw name="Wait Until Element Is Visible" owner="SeleniumLibrary">
<arg>id=checkout-page</arg>
<arg>8s</arg>
<doc>Waits until the element ``locator`` is visible.</doc>
<status status="PASS" start="2026-03-22T18:33:41.040801" elapsed="0.056128"/>
</kw>
<kw name="Click Button" owner="SeleniumLibrary">
<msg time="2026-03-22T18:33:41.098126" level="INFO">Clicking button 'xpath=(//button[contains(text(),'Remove')])[1]'.</msg>
<arg>xpath=(//button[contains(text(),'Remove')])[1]</arg>
<doc>Clicks the button identified by ``locator``.</doc>
<status status="PASS" start="2026-03-22T18:33:41.097639" elapsed="0.203412"/>
</kw>
<kw name="Input Text" owner="SeleniumLibrary">
<msg time="2026-03-22T18:33:41.302410" level="INFO">Typing text 'Simon' into text field 'id=first-name'.</msg>
<arg>id=first-name</arg>
<arg>Simon</arg>
<doc>Types the given ``text`` into the text field identified by ``locator``.</doc>
<status status="PASS" start="2026-03-22T18:33:41.301822" elapsed="0.258696"/>
</kw>
<kw name="Input Text" owner="SeleniumLibrary">
<msg time="2026-03-22T18:33:41.561971" level="INFO">Typing text 'Charlie' into text field 'id=last-name'.</msg>
<arg>id=last-name</arg>
<arg>Charlie</arg>
<doc>Types the given ``text`` into the text field identified by ``locator``.</doc>
<status status="PASS" start="2026-03-22T18:33:41.561389" elapsed="0.288786"/>
</kw>
<kw name="Input Text" owner="SeleniumLibrary">
<msg time="2026-03-22T18:33:41.851631" level="INFO">Typing text '50170' into text field 'id=postal-code'.</msg>
<arg>id=postal-code</arg>
<arg>50170</arg>
<doc>Types the given ``text`` into the text field identified by ``locator``.</doc>
<status status="PASS" start="2026-03-22T18:33:41.851016" elapsed="0.255647"/>
</kw>
<kw name="Click Button" owner="SeleniumLibrary">
<msg time="2026-03-22T18:33:42.107943" level="INFO">Clicking button 'xpath=//button[contains(text(),'Complete Purchase')]'.</msg>
<arg>xpath=//button[contains(text(),'Complete Purchase')]</arg>
<doc>Clicks the button identified by ``locator``.</doc>
<status status="PASS" start="2026-03-22T18:33:42.107403" elapsed="0.208755"/>
</kw>
<kw name="Wait Until Page Contains" owner="SeleniumLibrary">
<arg>Thank You For Your Order!</arg>
<arg>10s</arg>
<doc>Waits until ``text`` appears on the current page.</doc>
<status status="PASS" start="2026-03-22T18:33:42.317065" elapsed="0.030521"/>
</kw>
<kw name="Close Browser" owner="SeleniumLibrary" type="TEARDOWN">
<doc>Closes the current browser.</doc>
<status status="PASS" start="2026-03-22T18:33:42.348611" elapsed="2.381502"/>
</kw>
<status status="PASS" start="2026-03-22T18:33:36.557045" elapsed="8.174842"/>
</test>
<status status="PASS" start="2026-03-22T18:33:35.782310" elapsed="8.953097"/>
</suite>
<statistics>
<total>
<stat pass="1" fail="0" skip="0">All Tests</stat>
</total>
<tag>
</tag>
<suite>
<stat name="Test Swag Labs" id="s1" pass="1" fail="0" skip="0">Test Swag Labs</stat>
</suite>
</statistics>
<errors>
</errors>
</robot>
