<?xml version="1.0" encoding="UTF-8"?>
<robot generator="Robot 7.4.2 (Python 3.13.0 on win32)" generated="2026-03-22T21:47:32.548847" rpa="false" schemaversion="5">
<suite id="s1" name="Test Swag Labs" source="C:\Users\iftak\Downloads\robot-testing-project\tests\test_swag_labs.robot">
<test id="s1-t1" name="Complete Swag Labs Flow" line="9">
<kw name="Open Browser" owner="SeleniumLibrary">
<msg time="2026-03-22T21:47:33.369615" level="INFO">Opening browser 'Chrome' to base url 'https://iftakherhossen.github.io/robot-testing-project/swag_labs.html'.</msg>
<arg>${URL}</arg>
<arg>${BROWSER}</arg>
<arg>options=add_argument("--headless");add_argument("--no-sandbox");add_argument("--disable-dev-shm-usage")</arg>
<doc>Opens a new browser instance to the optional ``url``.</doc>
<status status="PASS" start="2026-03-22T21:47:33.359029" elapsed="5.792263"/>
</kw>
<kw name="Maximize Browser Window" owner="SeleniumLibrary">
<doc>Maximizes current browser window.</doc>
<status status="PASS" start="2026-03-22T21:47:39.152574" elapsed="0.040793"/>
</kw>
<kw name="Input Text" owner="SeleniumLibrary">
<msg time="2026-03-22T21:47:39.195201" level="INFO">Typing text 'standard_user' into text field 'id=username'.</msg>
<arg>id=username</arg>
<arg>standard_user</arg>
<doc>Types the given ``text`` into the text field identified by ``locator``.</doc>
<status status="PASS" start="2026-03-22T21:47:39.194299" elapsed="0.334440"/>
</kw>
<kw name="Input Text" owner="SeleniumLibrary">
<msg time="2026-03-22T21:47:39.530990" level="INFO">Typing text 'secret_sauce' into text field 'id=password'.</msg>
<arg>id=password</arg>
<arg>secret_sauce</arg>
<doc>Types the given ``text`` into the text field identified by ``locator``.</doc>
<status status="PASS" start="2026-03-22T21:47:39.529862" elapsed="0.229886"/>
</kw>
<kw name="Click Button" owner="SeleniumLibrary">
<msg time="2026-03-22T21:47:39.764599" level="INFO">Clicking button 'id=login-button'.</msg>
<arg>id=login-button</arg>
<doc>Clicks the button identified by ``locator``.</doc>
<status status="PASS" start="2026-03-22T21:47:39.763835" elapsed="0.215453"/>
</kw>
<kw name="Wait Until Element Is Visible" owner="SeleniumLibrary">
<arg>id=product-page</arg>
<arg>5s</arg>
<doc>Waits until the element ``locator`` is visible.</doc>
<status status="PASS" start="2026-03-22T21:47:39.980266" elapsed="1.164105"/>
</kw>
<kw name="Click Button" owner="SeleniumLibrary">
<msg time="2026-03-22T21:47:41.146070" level="INFO">Clicking button 'xpath=(//button[contains(text(),'Add to Cart')])[2]'.</msg>
<arg>xpath=(//button[contains(text(),'Add to Cart')])[2]</arg>
<doc>Clicks the button identified by ``locator``.</doc>
<status status="PASS" start="2026-03-22T21:47:41.145337" elapsed="0.297522"/>
</kw>
<kw name="Click Button" owner="SeleniumLibrary">
<msg time="2026-03-22T21:47:41.445528" level="INFO">Clicking button 'xpath=(//button[contains(text(),'Add to Cart')])[3]'.</msg>
<arg>xpath=(//button[contains(text(),'Add to Cart')])[3]</arg>
<doc>Clicks the button identified by ``locator``.</doc>
<status status="PASS" start="2026-03-22T21:47:41.444697" elapsed="0.329133"/>
</kw>
<kw name="Click Element" owner="SeleniumLibrary">
<msg time="2026-03-22T21:47:41.775555" level="INFO">Clicking element 'xpath=//div[contains(@class,'cart-icon')]'.</msg>
<arg>xpath=//div[contains(@class,'cart-icon')]</arg>
<doc>Click the element identified by ``locator``.</doc>
<status status="PASS" start="2026-03-22T21:47:41.774682" elapsed="0.233121"/>
</kw>
<kw name="Wait Until Element Is Visible" owner="SeleniumLibrary">
<arg>id=checkout-page</arg>
<arg>8s</arg>
<doc>Waits until the element ``locator`` is visible.</doc>
<status status="PASS" start="2026-03-22T21:47:42.009407" elapsed="0.054661"/>
</kw>
<kw name="Click Button" owner="SeleniumLibrary">
<msg time="2026-03-22T21:47:42.065577" level="INFO">Clicking button 'xpath=(//button[contains(text(),'Remove')])[1]'.</msg>
<arg>xpath=(//button[contains(text(),'Remove')])[1]</arg>
<doc>Clicks the button identified by ``locator``.</doc>
<status status="PASS" start="2026-03-22T21:47:42.064885" elapsed="0.244120"/>
</kw>
<kw name="Input Text" owner="SeleniumLibrary">
<msg time="2026-03-22T21:47:42.310326" level="INFO">Typing text 'Simon' into text field 'id=first-name'.</msg>
<arg>id=first-name</arg>
<arg>Simon</arg>
<doc>Types the given ``text`` into the text field identified by ``locator``.</doc>
<status status="PASS" start="2026-03-22T21:47:42.309719" elapsed="0.237124"/>
</kw>
<kw name="Input Text" owner="SeleniumLibrary">
<msg time="2026-03-22T21:47:42.548221" level="INFO">Typing text 'Charlie' into text field 'id=last-name'.</msg>
<arg>id=last-name</arg>
<arg>Charlie</arg>
<doc>Types the given ``text`` into the text field identified by ``locator``.</doc>
<status status="PASS" start="2026-03-22T21:47:42.547636" elapsed="0.231969"/>
</kw>
<kw name="Input Text" owner="SeleniumLibrary">
<msg time="2026-03-22T21:47:42.783166" level="INFO">Typing text '50170' into text field 'id=postal-code'.</msg>
<arg>id=postal-code</arg>
<arg>50170</arg>
<doc>Types the given ``text`` into the text field identified by ``locator``.</doc>
<status status="PASS" start="2026-03-22T21:47:42.781112" elapsed="0.236125"/>
</kw>
<kw name="Click Button" owner="SeleniumLibrary">
<msg time="2026-03-22T21:47:43.018472" level="INFO">Clicking button 'xpath=//button[contains(text(),'Complete Purchase')]'.</msg>
<arg>xpath=//button[contains(text(),'Complete Purchase')]</arg>
<doc>Clicks the button identified by ``locator``.</doc>
<status status="PASS" start="2026-03-22T21:47:43.017931" elapsed="0.217028"/>
</kw>
<kw name="Wait Until Page Contains" owner="SeleniumLibrary">
<arg>Thank You For Your Order!</arg>
<arg>10s</arg>
<doc>Waits until ``text`` appears on the current page.</doc>
<status status="PASS" start="2026-03-22T21:47:43.235719" elapsed="0.031002"/>
</kw>
<kw name="Close Browser" owner="SeleniumLibrary" type="TEARDOWN">
<doc>Closes the current browser.</doc>
<status status="PASS" start="2026-03-22T21:47:43.268067" elapsed="2.388552"/>
</kw>
<status status="PASS" start="2026-03-22T21:47:33.355262" elapsed="12.305161"/>
</test>
<status status="PASS" start="2026-03-22T21:47:32.554182" elapsed="13.111181"/>
</suite>
<statistics>
<total>
<stat pass="1" fail="0" skip="0">All Tests</stat>
</total>
<tag>
</tag>
<suite>
<stat name="Test Swag Labs" id="s1" pass="1" fail="0" skip="0">Test Swag Labs</stat>
</suite>
</statistics>
<errors>
</errors>
</robot>
